{"/Users/ubada/projects/ansar-sql-database/backend/server.js": {"path":"/Users/ubada/projects/ansar-sql-database/backend/server.js","statementMap":{"0":{"start":{"line":1,"column":16},"end":{"line":1,"column":34}},"1":{"start":{"line":2,"column":13},"end":{"line":2,"column":28}},"2":{"start":{"line":3,"column":19},"end":{"line":3,"column":49}},"3":{"start":{"line":4,"column":22},"end":{"line":4,"column":54}},"4":{"start":{"line":5,"column":19},"end":{"line":5,"column":49}},"5":{"start":{"line":6,"column":22},"end":{"line":6,"column":55}},"6":{"start":{"line":7,"column":21},"end":{"line":7,"column":58}},"7":{"start":{"line":9,"column":12},"end":{"line":9,"column":21}},"8":{"start":{"line":11,"column":0},"end":{"line":11,"column":16}},"9":{"start":{"line":12,"column":0},"end":{"line":12,"column":24}},"10":{"start":{"line":14,"column":0},"end":{"line":16,"column":3}},"11":{"start":{"line":15,"column":4},"end":{"line":15,"column":51}},"12":{"start":{"line":18,"column":0},"end":{"line":18,"column":28}},"13":{"start":{"line":19,"column":0},"end":{"line":19,"column":31}},"14":{"start":{"line":20,"column":0},"end":{"line":20,"column":28}},"15":{"start":{"line":21,"column":0},"end":{"line":21,"column":31}},"16":{"start":{"line":23,"column":0},"end":{"line":23,"column":22}},"17":{"start":{"line":25,"column":0},"end":{"line":25,"column":21}}},"fnMap":{"0":{"name":"(anonymous_0)","decl":{"start":{"line":14,"column":13},"end":{"line":14,"column":14}},"loc":{"start":{"line":14,"column":27},"end":{"line":16,"column":1}},"line":14}},"branchMap":{},"s":{"0":3,"1":3,"2":3,"3":3,"4":3,"5":3,"6":3,"7":3,"8":3,"9":3,"10":3,"11":0,"12":3,"13":3,"14":3,"15":3,"16":3,"17":3},"f":{"0":0},"b":{},"_coverageSchema":"1a1c01bbd47fc00a2c39e90264f33305004495a9","hash":"94564c9aa0fb75f2cf39a689f2f2e031bdf6d9d6"}
,"/Users/ubada/projects/ansar-sql-database/backend/config/db.js": {"path":"/Users/ubada/projects/ansar-sql-database/backend/config/db.js","statementMap":{"0":{"start":{"line":1,"column":14},"end":{"line":1,"column":39}},"1":{"start":{"line":2,"column":11},"end":{"line":2,"column":24}},"2":{"start":{"line":4,"column":0},"end":{"line":4,"column":26}},"3":{"start":{"line":6,"column":13},"end":{"line":16,"column":2}},"4":{"start":{"line":17,"column":0},"end":{"line":23,"column":1}},"5":{"start":{"line":18,"column":2},"end":{"line":22,"column":3}},"6":{"start":{"line":24,"column":0},"end":{"line":24,"column":22}}},"fnMap":{},"branchMap":{"0":{"loc":{"start":{"line":17,"column":0},"end":{"line":23,"column":1}},"type":"if","locations":[{"start":{"line":17,"column":0},"end":{"line":23,"column":1}},{"start":{},"end":{}}],"line":17}},"s":{"0":3,"1":3,"2":3,"3":3,"4":3,"5":3,"6":3},"f":{},"b":{"0":[3,0]},"_coverageSchema":"1a1c01bbd47fc00a2c39e90264f33305004495a9","hash":"6523985a6311cb56c39cfaae63a162d8bf3ffbab"}
,"/Users/ubada/projects/ansar-sql-database/backend/controllers/courseController.js": {"path":"/Users/ubada/projects/ansar-sql-database/backend/controllers/courseController.js","statementMap":{"0":{"start":{"line":1,"column":20},"end":{"line":1,"column":52}},"1":{"start":{"line":2,"column":20},"end":{"line":2,"column":54}},"2":{"start":{"line":3,"column":22},"end":{"line":3,"column":58}},"3":{"start":{"line":5,"column":0},"end":{"line":13,"column":2}},"4":{"start":{"line":6,"column":2},"end":{"line":12,"column":3}},"5":{"start":{"line":7,"column":20},"end":{"line":7,"column":53}},"6":{"start":{"line":8,"column":4},"end":{"line":8,"column":44}},"7":{"start":{"line":10,"column":4},"end":{"line":10,"column":23}},"8":{"start":{"line":11,"column":4},"end":{"line":11,"column":41}},"9":{"start":{"line":15,"column":0},"end":{"line":31,"column":2}},"10":{"start":{"line":16,"column":18},"end":{"line":16,"column":28}},"11":{"start":{"line":18,"column":2},"end":{"line":30,"column":3}},"12":{"start":{"line":19,"column":17},"end":{"line":19,"column":54}},"13":{"start":{"line":21,"column":4},"end":{"line":24,"column":5}},"14":{"start":{"line":22,"column":6},"end":{"line":22,"column":60}},"15":{"start":{"line":23,"column":6},"end":{"line":23,"column":12}},"16":{"start":{"line":25,"column":4},"end":{"line":25,"column":43}},"17":{"start":{"line":28,"column":4},"end":{"line":28,"column":39}},"18":{"start":{"line":29,"column":4},"end":{"line":29,"column":41}},"19":{"start":{"line":33,"column":0},"end":{"line":42,"column":2}},"20":{"start":{"line":34,"column":2},"end":{"line":34,"column":23}},"21":{"start":{"line":35,"column":2},"end":{"line":41,"column":3}},"22":{"start":{"line":36,"column":4},"end":{"line":36,"column":49}},"23":{"start":{"line":37,"column":4},"end":{"line":37,"column":96}},"24":{"start":{"line":39,"column":4},"end":{"line":39,"column":39}},"25":{"start":{"line":40,"column":4},"end":{"line":40,"column":41}},"26":{"start":{"line":44,"column":0},"end":{"line":59,"column":1}},"27":{"start":{"line":45,"column":18},"end":{"line":45,"column":28}},"28":{"start":{"line":46,"column":21},"end":{"line":46,"column":29}},"29":{"start":{"line":47,"column":2},"end":{"line":58,"column":3}},"30":{"start":{"line":48,"column":4},"end":{"line":48,"column":65}},"31":{"start":{"line":50,"column":4},"end":{"line":52,"column":5}},"32":{"start":{"line":51,"column":6},"end":{"line":51,"column":67}},"33":{"start":{"line":54,"column":4},"end":{"line":54,"column":91}},"34":{"start":{"line":56,"column":4},"end":{"line":56,"column":39}},"35":{"start":{"line":57,"column":4},"end":{"line":57,"column":41}},"36":{"start":{"line":61,"column":0},"end":{"line":75,"column":1}},"37":{"start":{"line":62,"column":18},"end":{"line":62,"column":28}},"38":{"start":{"line":64,"column":2},"end":{"line":74,"column":3}},"39":{"start":{"line":65,"column":4},"end":{"line":65,"column":53}},"40":{"start":{"line":66,"column":4},"end":{"line":68,"column":5}},"41":{"start":{"line":67,"column":6},"end":{"line":67,"column":67}},"42":{"start":{"line":70,"column":4},"end":{"line":70,"column":79}},"43":{"start":{"line":72,"column":4},"end":{"line":72,"column":39}},"44":{"start":{"line":73,"column":4},"end":{"line":73,"column":41}},"45":{"start":{"line":77,"column":0},"end":{"line":105,"column":1}},"46":{"start":{"line":78,"column":23},"end":{"line":78,"column":33}},"47":{"start":{"line":79,"column":2},"end":{"line":104,"column":3}},"48":{"start":{"line":80,"column":22},"end":{"line":80,"column":60}},"49":{"start":{"line":81,"column":4},"end":{"line":83,"column":5}},"50":{"start":{"line":82,"column":6},"end":{"line":82,"column":65}},"51":{"start":{"line":85,"column":24},"end":{"line":85,"column":66}},"52":{"start":{"line":87,"column":4},"end":{"line":89,"column":5}},"53":{"start":{"line":88,"column":6},"end":{"line":88,"column":67}},"54":{"start":{"line":91,"column":24},"end":{"line":91,"column":72}},"55":{"start":{"line":92,"column":4},"end":{"line":94,"column":5}},"56":{"start":{"line":93,"column":6},"end":{"line":93,"column":80}},"57":{"start":{"line":96,"column":4},"end":{"line":96,"column":65}},"58":{"start":{"line":97,"column":4},"end":{"line":97,"column":23}},"59":{"start":{"line":99,"column":4},"end":{"line":99,"column":83}},"60":{"start":{"line":102,"column":4},"end":{"line":102,"column":20}},"61":{"start":{"line":103,"column":4},"end":{"line":103,"column":13}}},"fnMap":{"0":{"name":"(anonymous_0)","decl":{"start":{"line":5,"column":24},"end":{"line":5,"column":25}},"loc":{"start":{"line":5,"column":44},"end":{"line":13,"column":1}},"line":5},"1":{"name":"(anonymous_1)","decl":{"start":{"line":15,"column":24},"end":{"line":15,"column":25}},"loc":{"start":{"line":15,"column":44},"end":{"line":31,"column":1}},"line":15},"2":{"name":"(anonymous_2)","decl":{"start":{"line":33,"column":23},"end":{"line":33,"column":24}},"loc":{"start":{"line":33,"column":43},"end":{"line":42,"column":1}},"line":33},"3":{"name":"(anonymous_3)","decl":{"start":{"line":44,"column":23},"end":{"line":44,"column":24}},"loc":{"start":{"line":44,"column":43},"end":{"line":59,"column":1}},"line":44},"4":{"name":"(anonymous_4)","decl":{"start":{"line":61,"column":23},"end":{"line":61,"column":24}},"loc":{"start":{"line":61,"column":43},"end":{"line":75,"column":1}},"line":61},"5":{"name":"(anonymous_5)","decl":{"start":{"line":77,"column":35},"end":{"line":77,"column":36}},"loc":{"start":{"line":77,"column":55},"end":{"line":105,"column":1}},"line":77}},"branchMap":{"0":{"loc":{"start":{"line":21,"column":4},"end":{"line":24,"column":5}},"type":"if","locations":[{"start":{"line":21,"column":4},"end":{"line":24,"column":5}},{"start":{},"end":{}}],"line":21},"1":{"loc":{"start":{"line":50,"column":4},"end":{"line":52,"column":5}},"type":"if","locations":[{"start":{"line":50,"column":4},"end":{"line":52,"column":5}},{"start":{},"end":{}}],"line":50},"2":{"loc":{"start":{"line":66,"column":4},"end":{"line":68,"column":5}},"type":"if","locations":[{"start":{"line":66,"column":4},"end":{"line":68,"column":5}},{"start":{},"end":{}}],"line":66},"3":{"loc":{"start":{"line":81,"column":4},"end":{"line":83,"column":5}},"type":"if","locations":[{"start":{"line":81,"column":4},"end":{"line":83,"column":5}},{"start":{},"end":{}}],"line":81},"4":{"loc":{"start":{"line":87,"column":4},"end":{"line":89,"column":5}},"type":"if","locations":[{"start":{"line":87,"column":4},"end":{"line":89,"column":5}},{"start":{},"end":{}}],"line":87},"5":{"loc":{"start":{"line":92,"column":4},"end":{"line":94,"column":5}},"type":"if","locations":[{"start":{"line":92,"column":4},"end":{"line":94,"column":5}},{"start":{},"end":{}}],"line":92}},"s":{"0":3,"1":3,"2":3,"3":3,"4":0,"5":0,"6":0,"7":0,"8":0,"9":3,"10":0,"11":0,"12":0,"13":0,"14":0,"15":0,"16":0,"17":0,"18":0,"19":3,"20":0,"21":0,"22":0,"23":0,"24":0,"25":0,"26":3,"27":0,"28":0,"29":0,"30":0,"31":0,"32":0,"33":0,"34":0,"35":0,"36":3,"37":0,"38":0,"39":0,"40":0,"41":0,"42":0,"43":0,"44":0,"45":3,"46":0,"47":0,"48":0,"49":0,"50":0,"51":0,"52":0,"53":0,"54":0,"55":0,"56":0,"57":0,"58":0,"59":0,"60":0,"61":0},"f":{"0":0,"1":0,"2":0,"3":0,"4":0,"5":0},"b":{"0":[0,0],"1":[0,0],"2":[0,0],"3":[0,0],"4":[0,0],"5":[0,0]},"_coverageSchema":"1a1c01bbd47fc00a2c39e90264f33305004495a9","hash":"eb9860a8a2457bd8a0d1984838e3b239b937cced"}
,"/Users/ubada/projects/ansar-sql-database/backend/controllers/profileController.js": {"path":"/Users/ubada/projects/ansar-sql-database/backend/controllers/profileController.js","statementMap":{"0":{"start":{"line":1,"column":21},"end":{"line":1,"column":51}},"1":{"start":{"line":2,"column":18},"end":{"line":2,"column":48}},"2":{"start":{"line":5,"column":0},"end":{"line":20,"column":1}},"3":{"start":{"line":6,"column":14},"end":{"line":6,"column":26}},"4":{"start":{"line":7,"column":2},"end":{"line":19,"column":3}},"5":{"start":{"line":8,"column":17},"end":{"line":8,"column":50}},"6":{"start":{"line":10,"column":4},"end":{"line":12,"column":5}},"7":{"start":{"line":11,"column":6},"end":{"line":11,"column":58}},"8":{"start":{"line":14,"column":4},"end":{"line":14,"column":30}},"9":{"start":{"line":17,"column":4},"end":{"line":17,"column":20}},"10":{"start":{"line":18,"column":4},"end":{"line":18,"column":41}},"11":{"start":{"line":22,"column":0},"end":{"line":39,"column":1}},"12":{"start":{"line":23,"column":18},"end":{"line":23,"column":30}},"13":{"start":{"line":24,"column":19},"end":{"line":24,"column":27}},"14":{"start":{"line":26,"column":2},"end":{"line":38,"column":3}},"15":{"start":{"line":27,"column":19},"end":{"line":27,"column":64}},"16":{"start":{"line":29,"column":4},"end":{"line":32,"column":5}},"17":{"start":{"line":30,"column":6},"end":{"line":30,"column":58}},"18":{"start":{"line":31,"column":6},"end":{"line":31,"column":12}},"19":{"start":{"line":34,"column":4},"end":{"line":34,"column":84}},"20":{"start":{"line":36,"column":4},"end":{"line":36,"column":39}},"21":{"start":{"line":37,"column":4},"end":{"line":37,"column":41}},"22":{"start":{"line":42,"column":0},"end":{"line":50,"column":1}},"23":{"start":{"line":43,"column":2},"end":{"line":49,"column":3}},"24":{"start":{"line":44,"column":4},"end":{"line":44,"column":20}},"25":{"start":{"line":47,"column":4},"end":{"line":47,"column":20}},"26":{"start":{"line":48,"column":4},"end":{"line":48,"column":13}},"27":{"start":{"line":52,"column":0},"end":{"line":67,"column":2}},"28":{"start":{"line":53,"column":18},"end":{"line":53,"column":30}},"29":{"start":{"line":55,"column":2},"end":{"line":66,"column":3}},"30":{"start":{"line":56,"column":4},"end":{"line":56,"column":49}},"31":{"start":{"line":58,"column":4},"end":{"line":60,"column":5}},"32":{"start":{"line":59,"column":6},"end":{"line":59,"column":65}},"33":{"start":{"line":61,"column":5},"end":{"line":61,"column":85}},"34":{"start":{"line":64,"column":4},"end":{"line":64,"column":39}},"35":{"start":{"line":65,"column":4},"end":{"line":65,"column":41}}},"fnMap":{"0":{"name":"(anonymous_0)","decl":{"start":{"line":5,"column":21},"end":{"line":5,"column":22}},"loc":{"start":{"line":5,"column":41},"end":{"line":20,"column":1}},"line":5},"1":{"name":"(anonymous_1)","decl":{"start":{"line":22,"column":24},"end":{"line":22,"column":25}},"loc":{"start":{"line":22,"column":44},"end":{"line":39,"column":1}},"line":22},"2":{"name":"(anonymous_2)","decl":{"start":{"line":42,"column":25},"end":{"line":42,"column":26}},"loc":{"start":{"line":42,"column":45},"end":{"line":50,"column":1}},"line":42},"3":{"name":"(anonymous_3)","decl":{"start":{"line":52,"column":24},"end":{"line":52,"column":25}},"loc":{"start":{"line":52,"column":44},"end":{"line":67,"column":1}},"line":52}},"branchMap":{"0":{"loc":{"start":{"line":10,"column":4},"end":{"line":12,"column":5}},"type":"if","locations":[{"start":{"line":10,"column":4},"end":{"line":12,"column":5}},{"start":{},"end":{}}],"line":10},"1":{"loc":{"start":{"line":29,"column":4},"end":{"line":32,"column":5}},"type":"if","locations":[{"start":{"line":29,"column":4},"end":{"line":32,"column":5}},{"start":{},"end":{}}],"line":29},"2":{"loc":{"start":{"line":58,"column":4},"end":{"line":60,"column":5}},"type":"if","locations":[{"start":{"line":58,"column":4},"end":{"line":60,"column":5}},{"start":{},"end":{}}],"line":58}},"s":{"0":3,"1":3,"2":3,"3":0,"4":0,"5":0,"6":0,"7":0,"8":0,"9":0,"10":0,"11":3,"12":0,"13":0,"14":0,"15":0,"16":0,"17":0,"18":0,"19":0,"20":0,"21":0,"22":3,"23":0,"24":0,"25":0,"26":0,"27":3,"28":0,"29":0,"30":0,"31":0,"32":0,"33":0,"34":0,"35":0},"f":{"0":0,"1":0,"2":0,"3":0},"b":{"0":[0,0],"1":[0,0],"2":[0,0]},"_coverageSchema":"1a1c01bbd47fc00a2c39e90264f33305004495a9","hash":"98e5bada9408d623b340b41fca59f922a6146288"}
,"/Users/ubada/projects/ansar-sql-database/backend/controllers/roleController.js": {"path":"/Users/ubada/projects/ansar-sql-database/backend/controllers/roleController.js","statementMap":{"0":{"start":{"line":1,"column":18},"end":{"line":1,"column":48}},"1":{"start":{"line":2,"column":20},"end":{"line":2,"column":54}},"2":{"start":{"line":3,"column":20},"end":{"line":3,"column":51}},"3":{"start":{"line":6,"column":0},"end":{"line":15,"column":1}},"4":{"start":{"line":7,"column":2},"end":{"line":14,"column":3}},"5":{"start":{"line":8,"column":18},"end":{"line":8,"column":47}},"6":{"start":{"line":9,"column":4},"end":{"line":9,"column":40}},"7":{"start":{"line":12,"column":4},"end":{"line":12,"column":20}},"8":{"start":{"line":13,"column":4},"end":{"line":13,"column":13}},"9":{"start":{"line":18,"column":0},"end":{"line":38,"column":1}},"10":{"start":{"line":19,"column":21},"end":{"line":19,"column":31}},"11":{"start":{"line":20,"column":2},"end":{"line":36,"column":3}},"12":{"start":{"line":22,"column":22},"end":{"line":22,"column":63}},"13":{"start":{"line":23,"column":4},"end":{"line":25,"column":5}},"14":{"start":{"line":24,"column":6},"end":{"line":24,"column":65}},"15":{"start":{"line":27,"column":4},"end":{"line":27,"column":51}},"16":{"start":{"line":29,"column":4},"end":{"line":31,"column":5}},"17":{"start":{"line":30,"column":6},"end":{"line":30,"column":82}},"18":{"start":{"line":32,"column":4},"end":{"line":32,"column":41}},"19":{"start":{"line":34,"column":4},"end":{"line":34,"column":20}},"20":{"start":{"line":35,"column":4},"end":{"line":35,"column":13}}},"fnMap":{"0":{"name":"(anonymous_0)","decl":{"start":{"line":6,"column":22},"end":{"line":6,"column":23}},"loc":{"start":{"line":6,"column":42},"end":{"line":15,"column":1}},"line":6},"1":{"name":"(anonymous_1)","decl":{"start":{"line":18,"column":25},"end":{"line":18,"column":26}},"loc":{"start":{"line":18,"column":45},"end":{"line":38,"column":1}},"line":18}},"branchMap":{"0":{"loc":{"start":{"line":23,"column":4},"end":{"line":25,"column":5}},"type":"if","locations":[{"start":{"line":23,"column":4},"end":{"line":25,"column":5}},{"start":{},"end":{}}],"line":23},"1":{"loc":{"start":{"line":29,"column":4},"end":{"line":31,"column":5}},"type":"if","locations":[{"start":{"line":29,"column":4},"end":{"line":31,"column":5}},{"start":{},"end":{}}],"line":29}},"s":{"0":3,"1":3,"2":3,"3":3,"4":0,"5":0,"6":0,"7":0,"8":0,"9":3,"10":0,"11":0,"12":0,"13":0,"14":0,"15":0,"16":0,"17":0,"18":0,"19":0,"20":0},"f":{"0":0,"1":0},"b":{"0":[0,0],"1":[0,0]},"_coverageSchema":"1a1c01bbd47fc00a2c39e90264f33305004495a9","hash":"cd6250effd39714146d7efa50ca8251fef9ed317"}
,"/Users/ubada/projects/ansar-sql-database/backend/controllers/userController.js": {"path":"/Users/ubada/projects/ansar-sql-database/backend/controllers/userController.js","statementMap":{"0":{"start":{"line":1,"column":18},"end":{"line":1,"column":48}},"1":{"start":{"line":2,"column":18},"end":{"line":2,"column":48}},"2":{"start":{"line":3,"column":20},"end":{"line":3,"column":54}},"3":{"start":{"line":4,"column":20},"end":{"line":4,"column":54}},"4":{"start":{"line":5,"column":20},"end":{"line":5,"column":51}},"5":{"start":{"line":7,"column":0},"end":{"line":15,"column":2}},"6":{"start":{"line":8,"column":2},"end":{"line":14,"column":3}},"7":{"start":{"line":9,"column":18},"end":{"line":9,"column":47}},"8":{"start":{"line":10,"column":4},"end":{"line":10,"column":40}},"9":{"start":{"line":12,"column":4},"end":{"line":12,"column":23}},"10":{"start":{"line":13,"column":4},"end":{"line":13,"column":41}},"11":{"start":{"line":17,"column":0},"end":{"line":33,"column":2}},"12":{"start":{"line":18,"column":18},"end":{"line":18,"column":28}},"13":{"start":{"line":20,"column":2},"end":{"line":32,"column":3}},"14":{"start":{"line":21,"column":17},"end":{"line":21,"column":50}},"15":{"start":{"line":23,"column":4},"end":{"line":25,"column":5}},"16":{"start":{"line":24,"column":6},"end":{"line":24,"column":58}},"17":{"start":{"line":27,"column":4},"end":{"line":27,"column":30}},"18":{"start":{"line":30,"column":4},"end":{"line":30,"column":20}},"19":{"start":{"line":31,"column":4},"end":{"line":31,"column":41}},"20":{"start":{"line":36,"column":0},"end":{"line":47,"column":2}},"21":{"start":{"line":37,"column":2},"end":{"line":37,"column":21}},"22":{"start":{"line":38,"column":2},"end":{"line":46,"column":3}},"23":{"start":{"line":39,"column":4},"end":{"line":39,"column":49}},"24":{"start":{"line":40,"column":4},"end":{"line":40,"column":89}},"25":{"start":{"line":42,"column":4},"end":{"line":44,"column":5}},"26":{"start":{"line":43,"column":6},"end":{"line":43,"column":85}},"27":{"start":{"line":45,"column":4},"end":{"line":45,"column":20}},"28":{"start":{"line":49,"column":0},"end":{"line":66,"column":2}},"29":{"start":{"line":50,"column":18},"end":{"line":50,"column":28}},"30":{"start":{"line":51,"column":19},"end":{"line":51,"column":27}},"31":{"start":{"line":53,"column":2},"end":{"line":65,"column":3}},"32":{"start":{"line":54,"column":19},"end":{"line":54,"column":64}},"33":{"start":{"line":56,"column":4},"end":{"line":59,"column":5}},"34":{"start":{"line":57,"column":6},"end":{"line":57,"column":58}},"35":{"start":{"line":58,"column":6},"end":{"line":58,"column":12}},"36":{"start":{"line":61,"column":4},"end":{"line":61,"column":84}},"37":{"start":{"line":63,"column":4},"end":{"line":63,"column":39}},"38":{"start":{"line":64,"column":4},"end":{"line":64,"column":41}},"39":{"start":{"line":68,"column":0},"end":{"line":83,"column":2}},"40":{"start":{"line":69,"column":18},"end":{"line":69,"column":28}},"41":{"start":{"line":71,"column":2},"end":{"line":82,"column":3}},"42":{"start":{"line":72,"column":4},"end":{"line":72,"column":49}},"43":{"start":{"line":74,"column":4},"end":{"line":76,"column":5}},"44":{"start":{"line":75,"column":6},"end":{"line":75,"column":65}},"45":{"start":{"line":77,"column":5},"end":{"line":77,"column":85}},"46":{"start":{"line":80,"column":4},"end":{"line":80,"column":39}},"47":{"start":{"line":81,"column":4},"end":{"line":81,"column":41}},"48":{"start":{"line":85,"column":0},"end":{"line":109,"column":1}},"49":{"start":{"line":86,"column":2},"end":{"line":86,"column":21}},"50":{"start":{"line":87,"column":2},"end":{"line":108,"column":3}},"51":{"start":{"line":89,"column":22},"end":{"line":89,"column":69}},"52":{"start":{"line":90,"column":4},"end":{"line":92,"column":5}},"53":{"start":{"line":91,"column":6},"end":{"line":91,"column":65}},"54":{"start":{"line":94,"column":22},"end":{"line":94,"column":72}},"55":{"start":{"line":95,"column":4},"end":{"line":97,"column":5}},"56":{"start":{"line":96,"column":6},"end":{"line":96,"column":65}},"57":{"start":{"line":99,"column":4},"end":{"line":99,"column":46}},"58":{"start":{"line":101,"column":4},"end":{"line":101,"column":95}},"59":{"start":{"line":104,"column":4},"end":{"line":106,"column":5}},"60":{"start":{"line":105,"column":6},"end":{"line":105,"column":86}},"61":{"start":{"line":107,"column":4},"end":{"line":107,"column":20}},"62":{"start":{"line":111,"column":0},"end":{"line":125,"column":1}},"63":{"start":{"line":112,"column":18},"end":{"line":112,"column":28}},"64":{"start":{"line":113,"column":2},"end":{"line":124,"column":3}},"65":{"start":{"line":114,"column":17},"end":{"line":114,"column":50}},"66":{"start":{"line":116,"column":4},"end":{"line":118,"column":5}},"67":{"start":{"line":117,"column":6},"end":{"line":117,"column":62}},"68":{"start":{"line":120,"column":4},"end":{"line":120,"column":39}},"69":{"start":{"line":122,"column":4},"end":{"line":122,"column":20}},"70":{"start":{"line":123,"column":4},"end":{"line":123,"column":13}},"71":{"start":{"line":128,"column":0},"end":{"line":155,"column":1}},"72":{"start":{"line":130,"column":26},"end":{"line":130,"column":36}},"73":{"start":{"line":132,"column":2},"end":{"line":154,"column":3}},"74":{"start":{"line":134,"column":22},"end":{"line":134,"column":60}},"75":{"start":{"line":135,"column":4},"end":{"line":137,"column":5}},"76":{"start":{"line":136,"column":6},"end":{"line":136,"column":65}},"77":{"start":{"line":140,"column":22},"end":{"line":140,"column":63}},"78":{"start":{"line":141,"column":4},"end":{"line":143,"column":5}},"79":{"start":{"line":142,"column":6},"end":{"line":142,"column":65}},"80":{"start":{"line":145,"column":4},"end":{"line":145,"column":56}},"81":{"start":{"line":146,"column":4},"end":{"line":148,"column":5}},"82":{"start":{"line":147,"column":6},"end":{"line":147,"column":88}},"83":{"start":{"line":149,"column":4},"end":{"line":149,"column":91}},"84":{"start":{"line":152,"column":4},"end":{"line":152,"column":20}},"85":{"start":{"line":153,"column":4},"end":{"line":153,"column":13}}},"fnMap":{"0":{"name":"(anonymous_0)","decl":{"start":{"line":7,"column":22},"end":{"line":7,"column":23}},"loc":{"start":{"line":7,"column":42},"end":{"line":15,"column":1}},"line":7},"1":{"name":"(anonymous_1)","decl":{"start":{"line":17,"column":23},"end":{"line":17,"column":24}},"loc":{"start":{"line":17,"column":49},"end":{"line":33,"column":1}},"line":17},"2":{"name":"(anonymous_2)","decl":{"start":{"line":36,"column":21},"end":{"line":36,"column":22}},"loc":{"start":{"line":36,"column":41},"end":{"line":47,"column":1}},"line":36},"3":{"name":"(anonymous_3)","decl":{"start":{"line":49,"column":21},"end":{"line":49,"column":22}},"loc":{"start":{"line":49,"column":41},"end":{"line":66,"column":1}},"line":49},"4":{"name":"(anonymous_4)","decl":{"start":{"line":68,"column":26},"end":{"line":68,"column":27}},"loc":{"start":{"line":68,"column":46},"end":{"line":83,"column":1}},"line":68},"5":{"name":"(anonymous_5)","decl":{"start":{"line":85,"column":27},"end":{"line":85,"column":28}},"loc":{"start":{"line":85,"column":47},"end":{"line":109,"column":1}},"line":85},"6":{"name":"(anonymous_6)","decl":{"start":{"line":111,"column":23},"end":{"line":111,"column":24}},"loc":{"start":{"line":111,"column":43},"end":{"line":125,"column":1}},"line":111},"7":{"name":"(anonymous_7)","decl":{"start":{"line":128,"column":25},"end":{"line":128,"column":26}},"loc":{"start":{"line":128,"column":45},"end":{"line":155,"column":1}},"line":128}},"branchMap":{"0":{"loc":{"start":{"line":23,"column":4},"end":{"line":25,"column":5}},"type":"if","locations":[{"start":{"line":23,"column":4},"end":{"line":25,"column":5}},{"start":{},"end":{}}],"line":23},"1":{"loc":{"start":{"line":42,"column":4},"end":{"line":44,"column":5}},"type":"if","locations":[{"start":{"line":42,"column":4},"end":{"line":44,"column":5}},{"start":{},"end":{}}],"line":42},"2":{"loc":{"start":{"line":56,"column":4},"end":{"line":59,"column":5}},"type":"if","locations":[{"start":{"line":56,"column":4},"end":{"line":59,"column":5}},{"start":{},"end":{}}],"line":56},"3":{"loc":{"start":{"line":74,"column":4},"end":{"line":76,"column":5}},"type":"if","locations":[{"start":{"line":74,"column":4},"end":{"line":76,"column":5}},{"start":{},"end":{}}],"line":74},"4":{"loc":{"start":{"line":90,"column":4},"end":{"line":92,"column":5}},"type":"if","locations":[{"start":{"line":90,"column":4},"end":{"line":92,"column":5}},{"start":{},"end":{}}],"line":90},"5":{"loc":{"start":{"line":95,"column":4},"end":{"line":97,"column":5}},"type":"if","locations":[{"start":{"line":95,"column":4},"end":{"line":97,"column":5}},{"start":{},"end":{}}],"line":95},"6":{"loc":{"start":{"line":104,"column":4},"end":{"line":106,"column":5}},"type":"if","locations":[{"start":{"line":104,"column":4},"end":{"line":106,"column":5}},{"start":{},"end":{}}],"line":104},"7":{"loc":{"start":{"line":116,"column":4},"end":{"line":118,"column":5}},"type":"if","locations":[{"start":{"line":116,"column":4},"end":{"line":118,"column":5}},{"start":{},"end":{}}],"line":116},"8":{"loc":{"start":{"line":135,"column":4},"end":{"line":137,"column":5}},"type":"if","locations":[{"start":{"line":135,"column":4},"end":{"line":137,"column":5}},{"start":{},"end":{}}],"line":135},"9":{"loc":{"start":{"line":141,"column":4},"end":{"line":143,"column":5}},"type":"if","locations":[{"start":{"line":141,"column":4},"end":{"line":143,"column":5}},{"start":{},"end":{}}],"line":141},"10":{"loc":{"start":{"line":146,"column":4},"end":{"line":148,"column":5}},"type":"if","locations":[{"start":{"line":146,"column":4},"end":{"line":148,"column":5}},{"start":{},"end":{}}],"line":146}},"s":{"0":3,"1":3,"2":3,"3":3,"4":3,"5":3,"6":5,"7":5,"8":5,"9":0,"10":0,"11":3,"12":2,"13":2,"14":2,"15":2,"16":1,"17":1,"18":0,"19":0,"20":3,"21":3,"22":3,"23":3,"24":2,"25":1,"26":1,"27":0,"28":3,"29":0,"30":0,"31":0,"32":0,"33":0,"34":0,"35":0,"36":0,"37":0,"38":0,"39":3,"40":1,"41":1,"42":1,"43":1,"44":0,"45":1,"46":0,"47":0,"48":3,"49":4,"50":4,"51":4,"52":4,"53":1,"54":3,"55":3,"56":1,"57":2,"58":1,"59":1,"60":1,"61":0,"62":3,"63":2,"64":2,"65":2,"66":2,"67":1,"68":1,"69":0,"70":0,"71":3,"72":4,"73":4,"74":4,"75":4,"76":1,"77":3,"78":3,"79":1,"80":2,"81":2,"82":1,"83":1,"84":0,"85":0},"f":{"0":5,"1":2,"2":3,"3":0,"4":1,"5":4,"6":2,"7":4},"b":{"0":[1,1],"1":[1,0],"2":[0,0],"3":[0,1],"4":[1,3],"5":[1,2],"6":[1,0],"7":[1,1],"8":[1,3],"9":[1,2],"10":[1,1]},"_coverageSchema":"1a1c01bbd47fc00a2c39e90264f33305004495a9","hash":"40b02b851edb7c73c6200c26c3c12a09b1c837a7"}
,"/Users/ubada/projects/ansar-sql-database/backend/middlewares/authMiddleware.js": {"path":"/Users/ubada/projects/ansar-sql-database/backend/middlewares/authMiddleware.js","statementMap":{"0":{"start":{"line":3,"column":21},"end":{"line":3,"column":59}},"1":{"start":{"line":5,"column":0},"end":{"line":22,"column":1}},"2":{"start":{"line":7,"column":14},"end":{"line":7,"column":28}},"3":{"start":{"line":8,"column":2},"end":{"line":21,"column":3}},"4":{"start":{"line":9,"column":4},"end":{"line":9,"column":28}},"5":{"start":{"line":10,"column":4},"end":{"line":17,"column":5}},"6":{"start":{"line":11,"column":23},"end":{"line":11,"column":54}},"7":{"start":{"line":12,"column":6},"end":{"line":12,"column":25}},"8":{"start":{"line":13,"column":6},"end":{"line":13,"column":12}},"9":{"start":{"line":15,"column":6},"end":{"line":15,"column":22}},"10":{"start":{"line":16,"column":6},"end":{"line":16,"column":61}},"11":{"start":{"line":20,"column":4},"end":{"line":20,"column":58}}},"fnMap":{"0":{"name":"(anonymous_0)","decl":{"start":{"line":5,"column":23},"end":{"line":5,"column":24}},"loc":{"start":{"line":5,"column":43},"end":{"line":22,"column":1}},"line":5}},"branchMap":{"0":{"loc":{"start":{"line":8,"column":2},"end":{"line":21,"column":3}},"type":"if","locations":[{"start":{"line":8,"column":2},"end":{"line":21,"column":3}},{"start":{"line":19,"column":9},"end":{"line":21,"column":3}}],"line":8}},"s":{"0":3,"1":3,"2":2,"3":2,"4":2,"5":2,"6":2,"7":2,"8":2,"9":0,"10":0,"11":0},"f":{"0":2},"b":{"0":[2,0]},"_coverageSchema":"1a1c01bbd47fc00a2c39e90264f33305004495a9","hash":"0641935a10f8c070632de905167de756a8f697eb"}
,"/Users/ubada/projects/ansar-sql-database/backend/middlewares/errorHandler.js": {"path":"/Users/ubada/projects/ansar-sql-database/backend/middlewares/errorHandler.js","statementMap":{"0":{"start":{"line":3,"column":0},"end":{"line":11,"column":1}},"1":{"start":{"line":5,"column":17},"end":{"line":5,"column":34}},"2":{"start":{"line":6,"column":14},"end":{"line":6,"column":51}},"3":{"start":{"line":7,"column":2},"end":{"line":10,"column":5}}},"fnMap":{"0":{"name":"(anonymous_0)","decl":{"start":{"line":3,"column":17},"end":{"line":3,"column":18}},"loc":{"start":{"line":3,"column":42},"end":{"line":11,"column":1}},"line":3}},"branchMap":{"0":{"loc":{"start":{"line":5,"column":17},"end":{"line":5,"column":34}},"type":"binary-expr","locations":[{"start":{"line":5,"column":17},"end":{"line":5,"column":27}},{"start":{"line":5,"column":31},"end":{"line":5,"column":34}}],"line":5},"1":{"loc":{"start":{"line":6,"column":14},"end":{"line":6,"column":51}},"type":"binary-expr","locations":[{"start":{"line":6,"column":14},"end":{"line":6,"column":25}},{"start":{"line":6,"column":29},"end":{"line":6,"column":51}}],"line":6}},"s":{"0":3,"1":1,"2":1,"3":1},"f":{"0":1},"b":{"0":[1,0],"1":[1,0]},"_coverageSchema":"1a1c01bbd47fc00a2c39e90264f33305004495a9","hash":"7861f38c8110da134804a88bb5e5bf3d5bc79cf7"}
,"/Users/ubada/projects/ansar-sql-database/backend/middlewares/rbacMiddleware.js": {"path":"/Users/ubada/projects/ansar-sql-database/backend/middlewares/rbacMiddleware.js","statementMap":{"0":{"start":{"line":1,"column":27},"end":{"line":1,"column":63}},"1":{"start":{"line":2,"column":18},"end":{"line":2,"column":51}},"2":{"start":{"line":4,"column":0},"end":{"line":26,"column":1}},"3":{"start":{"line":5,"column":2},"end":{"line":25,"column":3}},"4":{"start":{"line":10,"column":16},"end":{"line":10,"column":34}},"5":{"start":{"line":11,"column":22},"end":{"line":11,"column":50}},"6":{"start":{"line":14,"column":26},"end":{"line":16,"column":6}},"7":{"start":{"line":15,"column":6},"end":{"line":15,"column":55}},"8":{"start":{"line":20,"column":4},"end":{"line":24,"column":5}},"9":{"start":{"line":21,"column":6},"end":{"line":21,"column":12}},"10":{"start":{"line":23,"column":6},"end":{"line":23,"column":57}}},"fnMap":{"0":{"name":"(anonymous_0)","decl":{"start":{"line":4,"column":28},"end":{"line":4,"column":29}},"loc":{"start":{"line":4,"column":44},"end":{"line":26,"column":1}},"line":4},"1":{"name":"(anonymous_1)","decl":{"start":{"line":5,"column":9},"end":{"line":5,"column":10}},"loc":{"start":{"line":5,"column":35},"end":{"line":25,"column":3}},"line":5},"2":{"name":"(anonymous_2)","decl":{"start":{"line":14,"column":41},"end":{"line":14,"column":42}},"loc":{"start":{"line":14,"column":51},"end":{"line":16,"column":5}},"line":14}},"branchMap":{"0":{"loc":{"start":{"line":10,"column":16},"end":{"line":10,"column":34}},"type":"binary-expr","locations":[{"start":{"line":10,"column":16},"end":{"line":10,"column":29}},{"start":{"line":10,"column":33},"end":{"line":10,"column":34}}],"line":10},"1":{"loc":{"start":{"line":11,"column":22},"end":{"line":11,"column":50}},"type":"binary-expr","locations":[{"start":{"line":11,"column":22},"end":{"line":11,"column":37}},{"start":{"line":11,"column":41},"end":{"line":11,"column":50}}],"line":11},"2":{"loc":{"start":{"line":20,"column":4},"end":{"line":24,"column":5}},"type":"if","locations":[{"start":{"line":20,"column":4},"end":{"line":24,"column":5}},{"start":{"line":22,"column":11},"end":{"line":24,"column":5}}],"line":20}},"s":{"0":3,"1":3,"2":3,"3":36,"4":14,"5":14,"6":14,"7":14,"8":14,"9":14,"10":0},"f":{"0":36,"1":14,"2":14},"b":{"0":[14,12],"1":[14,12],"2":[14,0]},"_coverageSchema":"1a1c01bbd47fc00a2c39e90264f33305004495a9","hash":"0f21851e294a43c92d4a65c5f0d3075cc115ddbd"}
,"/Users/ubada/projects/ansar-sql-database/backend/middlewares/permissions/permissions.js": {"path":"/Users/ubada/projects/ansar-sql-database/backend/middlewares/permissions/permissions.js","statementMap":{"0":{"start":{"line":2,"column":24},"end":{"line":8,"column":1}},"1":{"start":{"line":10,"column":0},"end":{"line":10,"column":36}}},"fnMap":{},"branchMap":{},"s":{"0":3,"1":3},"f":{},"b":{},"_coverageSchema":"1a1c01bbd47fc00a2c39e90264f33305004495a9","hash":"5eccdb96e98c61572527b510a80321de4631535a"}
,"/Users/ubada/projects/ansar-sql-database/backend/models/courseModel.js": {"path":"/Users/ubada/projects/ansar-sql-database/backend/models/courseModel.js","statementMap":{"0":{"start":{"line":2,"column":11},"end":{"line":2,"column":34}},"1":{"start":{"line":4,"column":0},"end":{"line":7,"column":2}},"2":{"start":{"line":5,"column":17},"end":{"line":5,"column":56}},"3":{"start":{"line":6,"column":2},"end":{"line":6,"column":14}},"4":{"start":{"line":9,"column":0},"end":{"line":13,"column":2}},"5":{"start":{"line":10,"column":17},"end":{"line":10,"column":82}},"6":{"start":{"line":12,"column":2},"end":{"line":12,"column":14}},"7":{"start":{"line":15,"column":0},"end":{"line":36,"column":2}},"8":{"start":{"line":22,"column":6},"end":{"line":22,"column":16}},"9":{"start":{"line":24,"column":21},"end":{"line":33,"column":5}},"10":{"start":{"line":35,"column":2},"end":{"line":35,"column":16}},"11":{"start":{"line":38,"column":0},"end":{"line":57,"column":1}},"12":{"start":{"line":46,"column":6},"end":{"line":46,"column":16}},"13":{"start":{"line":48,"column":21},"end":{"line":53,"column":5}},"14":{"start":{"line":55,"column":2},"end":{"line":55,"column":15}},"15":{"start":{"line":59,"column":0},"end":{"line":62,"column":1}},"16":{"start":{"line":60,"column":19},"end":{"line":60,"column":82}},"17":{"start":{"line":61,"column":2},"end":{"line":61,"column":15}},"18":{"start":{"line":64,"column":0},"end":{"line":71,"column":1}},"19":{"start":{"line":65,"column":19},"end":{"line":69,"column":15}},"20":{"start":{"line":70,"column":2},"end":{"line":70,"column":15}}},"fnMap":{"0":{"name":"(anonymous_0)","decl":{"start":{"line":4,"column":24},"end":{"line":4,"column":25}},"loc":{"start":{"line":4,"column":36},"end":{"line":7,"column":1}},"line":4},"1":{"name":"(anonymous_1)","decl":{"start":{"line":9,"column":25},"end":{"line":9,"column":26}},"loc":{"start":{"line":9,"column":40},"end":{"line":13,"column":1}},"line":9},"2":{"name":"(anonymous_2)","decl":{"start":{"line":15,"column":28},"end":{"line":15,"column":29}},"loc":{"start":{"line":15,"column":55},"end":{"line":36,"column":1}},"line":15},"3":{"name":"(anonymous_3)","decl":{"start":{"line":38,"column":23},"end":{"line":38,"column":24}},"loc":{"start":{"line":38,"column":45},"end":{"line":57,"column":1}},"line":38},"4":{"name":"(anonymous_4)","decl":{"start":{"line":59,"column":28},"end":{"line":59,"column":29}},"loc":{"start":{"line":59,"column":43},"end":{"line":62,"column":1}},"line":59},"5":{"name":"(anonymous_5)","decl":{"start":{"line":64,"column":35},"end":{"line":64,"column":36}},"loc":{"start":{"line":64,"column":55},"end":{"line":71,"column":1}},"line":64}},"branchMap":{},"s":{"0":3,"1":3,"2":0,"3":0,"4":3,"5":0,"6":0,"7":3,"8":0,"9":0,"10":0,"11":3,"12":0,"13":0,"14":0,"15":3,"16":0,"17":0,"18":3,"19":0,"20":0},"f":{"0":0,"1":0,"2":0,"3":0,"4":0,"5":0},"b":{},"_coverageSchema":"1a1c01bbd47fc00a2c39e90264f33305004495a9","hash":"375df22bfa6b187a171e6b0afb6a95bf986c3659"}
,"/Users/ubada/projects/ansar-sql-database/backend/models/roleModel.js": {"path":"/Users/ubada/projects/ansar-sql-database/backend/models/roleModel.js","statementMap":{"0":{"start":{"line":1,"column":11},"end":{"line":1,"column":34}},"1":{"start":{"line":3,"column":0},"end":{"line":6,"column":1}},"2":{"start":{"line":4,"column":17},"end":{"line":4,"column":81}},"3":{"start":{"line":5,"column":2},"end":{"line":5,"column":13}},"4":{"start":{"line":8,"column":0},"end":{"line":21,"column":1}},"5":{"start":{"line":12,"column":6},"end":{"line":12,"column":14}},"6":{"start":{"line":14,"column":19},"end":{"line":18,"column":18}},"7":{"start":{"line":20,"column":2},"end":{"line":20,"column":15}},"8":{"start":{"line":23,"column":0},"end":{"line":34,"column":1}},"9":{"start":{"line":26,"column":17},"end":{"line":30,"column":29}},"10":{"start":{"line":32,"column":2},"end":{"line":32,"column":13}},"11":{"start":{"line":36,"column":0},"end":{"line":39,"column":1}},"12":{"start":{"line":37,"column":17},"end":{"line":37,"column":54}},"13":{"start":{"line":38,"column":2},"end":{"line":38,"column":13}},"14":{"start":{"line":41,"column":0},"end":{"line":44,"column":1}},"15":{"start":{"line":42,"column":19},"end":{"line":42,"column":102}},"16":{"start":{"line":43,"column":2},"end":{"line":43,"column":15}},"17":{"start":{"line":46,"column":0},"end":{"line":49,"column":1}},"18":{"start":{"line":47,"column":17},"end":{"line":47,"column":123}},"19":{"start":{"line":48,"column":2},"end":{"line":48,"column":13}}},"fnMap":{"0":{"name":"(anonymous_0)","decl":{"start":{"line":3,"column":26},"end":{"line":3,"column":27}},"loc":{"start":{"line":3,"column":44},"end":{"line":6,"column":1}},"line":3},"1":{"name":"(anonymous_1)","decl":{"start":{"line":8,"column":27},"end":{"line":8,"column":28}},"loc":{"start":{"line":8,"column":47},"end":{"line":21,"column":1}},"line":8},"2":{"name":"(anonymous_2)","decl":{"start":{"line":23,"column":23},"end":{"line":23,"column":24}},"loc":{"start":{"line":23,"column":38},"end":{"line":34,"column":1}},"line":23},"3":{"name":"(anonymous_3)","decl":{"start":{"line":36,"column":22},"end":{"line":36,"column":23}},"loc":{"start":{"line":36,"column":34},"end":{"line":39,"column":1}},"line":36},"4":{"name":"(anonymous_4)","decl":{"start":{"line":41,"column":25},"end":{"line":41,"column":26}},"loc":{"start":{"line":41,"column":48},"end":{"line":44,"column":1}},"line":41},"5":{"name":"(anonymous_5)","decl":{"start":{"line":46,"column":25},"end":{"line":46,"column":26}},"loc":{"start":{"line":46,"column":43},"end":{"line":49,"column":1}},"line":46}},"branchMap":{},"s":{"0":3,"1":3,"2":6,"3":6,"4":3,"5":2,"6":2,"7":1,"8":3,"9":2,"10":2,"11":3,"12":0,"13":0,"14":3,"15":2,"16":2,"17":3,"18":0,"19":0},"f":{"0":6,"1":2,"2":2,"3":0,"4":2,"5":0},"b":{},"_coverageSchema":"1a1c01bbd47fc00a2c39e90264f33305004495a9","hash":"ee859c529b08bd6899eecdd45669a1ebcc24701a"}
,"/Users/ubada/projects/ansar-sql-database/backend/models/userModel.js": {"path":"/Users/ubada/projects/ansar-sql-database/backend/models/userModel.js","statementMap":{"0":{"start":{"line":1,"column":11},"end":{"line":1,"column":34}},"1":{"start":{"line":3,"column":0},"end":{"line":6,"column":2}},"2":{"start":{"line":4,"column":17},"end":{"line":4,"column":54}},"3":{"start":{"line":5,"column":2},"end":{"line":5,"column":14}},"4":{"start":{"line":8,"column":0},"end":{"line":12,"column":2}},"5":{"start":{"line":9,"column":17},"end":{"line":9,"column":75}},"6":{"start":{"line":11,"column":2},"end":{"line":11,"column":14}},"7":{"start":{"line":14,"column":0},"end":{"line":57,"column":2}},"8":{"start":{"line":26,"column":6},"end":{"line":26,"column":14}},"9":{"start":{"line":28,"column":19},"end":{"line":54,"column":3}},"10":{"start":{"line":56,"column":2},"end":{"line":56,"column":16}},"11":{"start":{"line":59,"column":0},"end":{"line":82,"column":1}},"12":{"start":{"line":71,"column":6},"end":{"line":71,"column":14}},"13":{"start":{"line":73,"column":19},"end":{"line":78,"column":3}},"14":{"start":{"line":80,"column":2},"end":{"line":80,"column":15}},"15":{"start":{"line":84,"column":0},"end":{"line":87,"column":1}},"16":{"start":{"line":85,"column":19},"end":{"line":85,"column":75}},"17":{"start":{"line":86,"column":2},"end":{"line":86,"column":15}}},"fnMap":{"0":{"name":"(anonymous_0)","decl":{"start":{"line":3,"column":22},"end":{"line":3,"column":23}},"loc":{"start":{"line":3,"column":34},"end":{"line":6,"column":1}},"line":3},"1":{"name":"(anonymous_1)","decl":{"start":{"line":8,"column":23},"end":{"line":8,"column":24}},"loc":{"start":{"line":8,"column":38},"end":{"line":12,"column":1}},"line":8},"2":{"name":"(anonymous_2)","decl":{"start":{"line":14,"column":25},"end":{"line":14,"column":26}},"loc":{"start":{"line":14,"column":50},"end":{"line":57,"column":1}},"line":14},"3":{"name":"(anonymous_3)","decl":{"start":{"line":59,"column":21},"end":{"line":59,"column":22}},"loc":{"start":{"line":59,"column":41},"end":{"line":82,"column":1}},"line":59},"4":{"name":"(anonymous_4)","decl":{"start":{"line":84,"column":26},"end":{"line":84,"column":27}},"loc":{"start":{"line":84,"column":41},"end":{"line":87,"column":1}},"line":84}},"branchMap":{},"s":{"0":3,"1":3,"2":5,"3":5,"4":3,"5":10,"6":10,"7":3,"8":0,"9":0,"10":0,"11":3,"12":3,"13":3,"14":2,"15":3,"16":1,"17":1},"f":{"0":5,"1":10,"2":0,"3":3,"4":1},"b":{},"_coverageSchema":"1a1c01bbd47fc00a2c39e90264f33305004495a9","hash":"14f1d4d5ff22c46e089326124e1b3a648296b133"}
,"/Users/ubada/projects/ansar-sql-database/backend/routes/courseRoutes.js": {"path":"/Users/ubada/projects/ansar-sql-database/backend/routes/courseRoutes.js","statementMap":{"0":{"start":{"line":1,"column":16},"end":{"line":1,"column":34}},"1":{"start":{"line":2,"column":15},"end":{"line":2,"column":31}},"2":{"start":{"line":3,"column":25},"end":{"line":3,"column":67}},"3":{"start":{"line":4,"column":30},"end":{"line":4,"column":70}},"4":{"start":{"line":9,"column":0},"end":{"line":9,"column":54}},"5":{"start":{"line":12,"column":0},"end":{"line":12,"column":59}},"6":{"start":{"line":15,"column":0},"end":{"line":15,"column":89}},"7":{"start":{"line":18,"column":0},"end":{"line":18,"column":94}},"8":{"start":{"line":21,"column":0},"end":{"line":21,"column":97}},"9":{"start":{"line":24,"column":0},"end":{"line":24,"column":128}},"10":{"start":{"line":25,"column":0},"end":{"line":25,"column":24}}},"fnMap":{},"branchMap":{},"s":{"0":3,"1":3,"2":3,"3":3,"4":3,"5":3,"6":3,"7":3,"8":3,"9":3,"10":3},"f":{},"b":{},"_coverageSchema":"1a1c01bbd47fc00a2c39e90264f33305004495a9","hash":"3f26a2a2758517724b07a59fef63d3a662011309"}
,"/Users/ubada/projects/ansar-sql-database/backend/routes/profileRoutes.js": {"path":"/Users/ubada/projects/ansar-sql-database/backend/routes/profileRoutes.js","statementMap":{"0":{"start":{"line":2,"column":16},"end":{"line":2,"column":34}},"1":{"start":{"line":3,"column":15},"end":{"line":3,"column":31}},"2":{"start":{"line":4,"column":26},"end":{"line":4,"column":72}},"3":{"start":{"line":5,"column":30},"end":{"line":5,"column":70}},"4":{"start":{"line":6,"column":25},"end":{"line":6,"column":65}},"5":{"start":{"line":13,"column":0},"end":{"line":13,"column":52}},"6":{"start":{"line":16,"column":0},"end":{"line":16,"column":74}},"7":{"start":{"line":19,"column":0},"end":{"line":19,"column":81}},"8":{"start":{"line":22,"column":0},"end":{"line":22,"column":72}},"9":{"start":{"line":24,"column":0},"end":{"line":24,"column":23}}},"fnMap":{},"branchMap":{},"s":{"0":3,"1":3,"2":3,"3":3,"4":3,"5":3,"6":3,"7":3,"8":3,"9":3},"f":{},"b":{},"_coverageSchema":"1a1c01bbd47fc00a2c39e90264f33305004495a9","hash":"c1dba32b50c36cddfc65faa1d10af2312063e1ae"}
,"/Users/ubada/projects/ansar-sql-database/backend/routes/roleRoutes.js": {"path":"/Users/ubada/projects/ansar-sql-database/backend/routes/roleRoutes.js","statementMap":{"0":{"start":{"line":1,"column":16},"end":{"line":1,"column":34}},"1":{"start":{"line":2,"column":15},"end":{"line":2,"column":31}},"2":{"start":{"line":3,"column":23},"end":{"line":3,"column":63}},"3":{"start":{"line":4,"column":30},"end":{"line":4,"column":70}},"4":{"start":{"line":7,"column":0},"end":{"line":7,"column":81}},"5":{"start":{"line":10,"column":0},"end":{"line":10,"column":92}},"6":{"start":{"line":12,"column":0},"end":{"line":12,"column":24}}},"fnMap":{},"branchMap":{},"s":{"0":3,"1":3,"2":3,"3":3,"4":3,"5":3,"6":3},"f":{},"b":{},"_coverageSchema":"1a1c01bbd47fc00a2c39e90264f33305004495a9","hash":"1b020b9a7b8423277ac15e9b9854e0daa73005f6"}
,"/Users/ubada/projects/ansar-sql-database/backend/routes/userRoutes.js": {"path":"/Users/ubada/projects/ansar-sql-database/backend/routes/userRoutes.js","statementMap":{"0":{"start":{"line":1,"column":16},"end":{"line":1,"column":34}},"1":{"start":{"line":2,"column":15},"end":{"line":2,"column":31}},"2":{"start":{"line":3,"column":23},"end":{"line":3,"column":66}},"3":{"start":{"line":4,"column":30},"end":{"line":4,"column":70}},"4":{"start":{"line":5,"column":25},"end":{"line":5,"column":65}},"5":{"start":{"line":10,"column":0},"end":{"line":10,"column":48}},"6":{"start":{"line":13,"column":0},"end":{"line":13,"column":54}},"7":{"start":{"line":16,"column":0},"end":{"line":16,"column":81}},"8":{"start":{"line":19,"column":0},"end":{"line":19,"column":86}},"9":{"start":{"line":22,"column":0},"end":{"line":22,"column":94}},"10":{"start":{"line":25,"column":0},"end":{"line":25,"column":100}},"11":{"start":{"line":28,"column":0},"end":{"line":28,"column":107}},"12":{"start":{"line":31,"column":0},"end":{"line":31,"column":107}},"13":{"start":{"line":33,"column":0},"end":{"line":33,"column":24}}},"fnMap":{},"branchMap":{},"s":{"0":3,"1":3,"2":3,"3":3,"4":3,"5":3,"6":3,"7":3,"8":3,"9":3,"10":3,"11":3,"12":3,"13":3},"f":{},"b":{},"_coverageSchema":"1a1c01bbd47fc00a2c39e90264f33305004495a9","hash":"f0ddcac93e153d033cf1ee453bb8a399359d5442"}
,"/Users/ubada/projects/ansar-sql-database/backend/services/courseService.js": {"path":"/Users/ubada/projects/ansar-sql-database/backend/services/courseService.js","statementMap":{"0":{"start":{"line":1,"column":20},"end":{"line":1,"column":52}},"1":{"start":{"line":5,"column":0},"end":{"line":8,"column":1}},"2":{"start":{"line":6,"column":24},"end":{"line":6,"column":61}},"3":{"start":{"line":7,"column":4},"end":{"line":7,"column":33}}},"fnMap":{"0":{"name":"(anonymous_0)","decl":{"start":{"line":5,"column":28},"end":{"line":5,"column":29}},"loc":{"start":{"line":5,"column":43},"end":{"line":8,"column":1}},"line":5}},"branchMap":{},"s":{"0":3,"1":3,"2":0,"3":0},"f":{"0":0},"b":{},"_coverageSchema":"1a1c01bbd47fc00a2c39e90264f33305004495a9","hash":"05fcaeed944443d3067a6c14b11aeea5643b06e1"}
,"/Users/ubada/projects/ansar-sql-database/backend/services/roleService.js": {"path":"/Users/ubada/projects/ansar-sql-database/backend/services/roleService.js","statementMap":{"0":{"start":{"line":1,"column":18},"end":{"line":1,"column":48}},"1":{"start":{"line":3,"column":0},"end":{"line":6,"column":1}},"2":{"start":{"line":4,"column":22},"end":{"line":4,"column":61}},"3":{"start":{"line":5,"column":4},"end":{"line":5,"column":31}}},"fnMap":{"0":{"name":"(anonymous_0)","decl":{"start":{"line":3,"column":26},"end":{"line":3,"column":27}},"loc":{"start":{"line":3,"column":44},"end":{"line":6,"column":1}},"line":3}},"branchMap":{},"s":{"0":3,"1":3,"2":6,"3":6},"f":{"0":6},"b":{},"_coverageSchema":"1a1c01bbd47fc00a2c39e90264f33305004495a9","hash":"002c6e46164761dd9d8ed98eb8b40b82386fbfff"}
,"/Users/ubada/projects/ansar-sql-database/backend/services/tokenService.js": {"path":"/Users/ubada/projects/ansar-sql-database/backend/services/tokenService.js","statementMap":{"0":{"start":{"line":1,"column":12},"end":{"line":1,"column":35}},"1":{"start":{"line":3,"column":0},"end":{"line":7,"column":1}},"2":{"start":{"line":6,"column":1},"end":{"line":6,"column":34}}},"fnMap":{"0":{"name":"(anonymous_0)","decl":{"start":{"line":3,"column":22},"end":{"line":3,"column":23}},"loc":{"start":{"line":3,"column":33},"end":{"line":7,"column":1}},"line":3}},"branchMap":{},"s":{"0":2,"1":2,"2":0},"f":{"0":0},"b":{},"_coverageSchema":"1a1c01bbd47fc00a2c39e90264f33305004495a9","hash":"a123e2a954c167d6e0c5b6321e4323f2d0107c0d"}
,"/Users/ubada/projects/ansar-sql-database/backend/services/userService.js": {"path":"/Users/ubada/projects/ansar-sql-database/backend/services/userService.js","statementMap":{"0":{"start":{"line":1,"column":18},"end":{"line":1,"column":48}},"1":{"start":{"line":2,"column":18},"end":{"line":2,"column":48}},"2":{"start":{"line":5,"column":0},"end":{"line":8,"column":1}},"3":{"start":{"line":6,"column":22},"end":{"line":6,"column":55}},"4":{"start":{"line":7,"column":4},"end":{"line":7,"column":31}},"5":{"start":{"line":10,"column":0},"end":{"line":19,"column":1}},"6":{"start":{"line":11,"column":18},"end":{"line":11,"column":51}},"7":{"start":{"line":12,"column":2},"end":{"line":12,"column":44}},"8":{"start":{"line":12,"column":33},"end":{"line":12,"column":43}},"9":{"start":{"line":13,"column":2},"end":{"line":13,"column":24}},"10":{"start":{"line":14,"column":18},"end":{"line":16,"column":4}},"11":{"start":{"line":15,"column":4},"end":{"line":15,"column":21}},"12":{"start":{"line":17,"column":2},"end":{"line":17,"column":22}},"13":{"start":{"line":18,"column":2},"end":{"line":18,"column":16}}},"fnMap":{"0":{"name":"(anonymous_0)","decl":{"start":{"line":5,"column":26},"end":{"line":5,"column":27}},"loc":{"start":{"line":5,"column":41},"end":{"line":8,"column":1}},"line":5},"1":{"name":"(anonymous_1)","decl":{"start":{"line":10,"column":22},"end":{"line":10,"column":23}},"loc":{"start":{"line":10,"column":43},"end":{"line":19,"column":1}},"line":10},"2":{"name":"(anonymous_2)","decl":{"start":{"line":12,"column":28},"end":{"line":12,"column":29}},"loc":{"start":{"line":12,"column":33},"end":{"line":12,"column":43}},"line":12},"3":{"name":"(anonymous_3)","decl":{"start":{"line":14,"column":33},"end":{"line":14,"column":34}},"loc":{"start":{"line":14,"column":40},"end":{"line":16,"column":3}},"line":14}},"branchMap":{},"s":{"0":3,"1":3,"2":3,"3":8,"4":8,"5":3,"6":0,"7":0,"8":0,"9":0,"10":0,"11":0,"12":0,"13":0},"f":{"0":8,"1":0,"2":0,"3":0},"b":{},"_coverageSchema":"1a1c01bbd47fc00a2c39e90264f33305004495a9","hash":"949c729a3b0c3af399e67237156d0d55a9df965c"}
,"/Users/ubada/projects/ansar-sql-database/backend/tests/sql/testSQLUtils.js": {"path":"/Users/ubada/projects/ansar-sql-database/backend/tests/sql/testSQLUtils.js","statementMap":{"0":{"start":{"line":1,"column":11},"end":{"line":1,"column":24}},"1":{"start":{"line":2,"column":13},"end":{"line":2,"column":28}},"2":{"start":{"line":3,"column":11},"end":{"line":3,"column":37}},"3":{"start":{"line":8,"column":20},"end":{"line":8,"column":57}},"4":{"start":{"line":9,"column":16},"end":{"line":9,"column":52}},"5":{"start":{"line":13,"column":2},"end":{"line":18,"column":3}},"6":{"start":{"line":14,"column":4},"end":{"line":14,"column":28}},"7":{"start":{"line":17,"column":4},"end":{"line":17,"column":55}},"8":{"start":{"line":21,"column":0},"end":{"line":21,"column":39}}},"fnMap":{"0":{"name":"initializeDatabase","decl":{"start":{"line":12,"column":15},"end":{"line":12,"column":33}},"loc":{"start":{"line":12,"column":36},"end":{"line":19,"column":1}},"line":12}},"branchMap":{},"s":{"0":3,"1":3,"2":3,"3":3,"4":3,"5":17,"6":17,"7":0,"8":3},"f":{"0":17},"b":{},"_coverageSchema":"1a1c01bbd47fc00a2c39e90264f33305004495a9","hash":"19a56d1bda8a46b408505944de91587a4754f2a7"}
,"/Users/ubada/projects/ansar-sql-database/backend/utils/customError.js": {"path":"/Users/ubada/projects/ansar-sql-database/backend/utils/customError.js","statementMap":{"0":{"start":{"line":4,"column":4},"end":{"line":4,"column":19}},"1":{"start":{"line":5,"column":4},"end":{"line":5,"column":25}},"2":{"start":{"line":9,"column":0},"end":{"line":9,"column":29}}},"fnMap":{"0":{"name":"(anonymous_0)","decl":{"start":{"line":3,"column":2},"end":{"line":3,"column":3}},"loc":{"start":{"line":3,"column":31},"end":{"line":6,"column":3}},"line":3}},"branchMap":{},"s":{"0":1,"1":1,"2":3},"f":{"0":1},"b":{},"_coverageSchema":"1a1c01bbd47fc00a2c39e90264f33305004495a9","hash":"eeb539a3956cea4f6a763c7f76d0959909c0c1a3"}
}
