TN:
SF:server.js
FN:14,(anonymous_0)
FNF:1
FNH:0
FNDA:0,(anonymous_0)
DA:1,3
DA:2,3
DA:3,3
DA:4,3
DA:5,3
DA:6,3
DA:7,3
DA:9,3
DA:11,3
DA:12,3
DA:14,3
DA:15,0
DA:18,3
DA:19,3
DA:20,3
DA:21,3
DA:23,3
DA:25,3
LF:18
LH:17
BRF:0
BRH:0
end_of_record
TN:
SF:config/db.js
FNF:0
FNH:0
DA:1,3
DA:2,3
DA:4,3
DA:6,3
DA:17,3
DA:18,3
DA:24,3
LF:7
LH:7
BRDA:17,0,0,3
BRDA:17,0,1,0
BRF:2
BRH:1
end_of_record
TN:
SF:controllers/courseController.js
FN:5,(anonymous_0)
FN:15,(anonymous_1)
FN:33,(anonymous_2)
FN:44,(anonymous_3)
FN:61,(anonymous_4)
FN:77,(anonymous_5)
FNF:6
FNH:0
FNDA:0,(anonymous_0)
FNDA:0,(anonymous_1)
FNDA:0,(anonymous_2)
FNDA:0,(anonymous_3)
FNDA:0,(anonymous_4)
FNDA:0,(anonymous_5)
DA:1,3
DA:2,3
DA:3,3
DA:5,3
DA:6,0
DA:7,0
DA:8,0
DA:10,0
DA:11,0
DA:15,3
DA:16,0
DA:18,0
DA:19,0
DA:21,0
DA:22,0
DA:23,0
DA:25,0
DA:28,0
DA:29,0
DA:33,3
DA:34,0
DA:35,0
DA:36,0
DA:37,0
DA:39,0
DA:40,0
DA:44,3
DA:45,0
DA:46,0
DA:47,0
DA:48,0
DA:50,0
DA:51,0
DA:54,0
DA:56,0
DA:57,0
DA:61,3
DA:62,0
DA:64,0
DA:65,0
DA:66,0
DA:67,0
DA:70,0
DA:72,0
DA:73,0
DA:77,3
DA:78,0
DA:79,0
DA:80,0
DA:81,0
DA:82,0
DA:85,0
DA:87,0
DA:88,0
DA:91,0
DA:92,0
DA:93,0
DA:96,0
DA:97,0
DA:99,0
DA:102,0
DA:103,0
LF:62
LH:9
BRDA:21,0,0,0
BRDA:21,0,1,0
BRDA:50,1,0,0
BRDA:50,1,1,0
BRDA:66,2,0,0
BRDA:66,2,1,0
BRDA:81,3,0,0
BRDA:81,3,1,0
BRDA:87,4,0,0
BRDA:87,4,1,0
BRDA:92,5,0,0
BRDA:92,5,1,0
BRF:12
BRH:0
end_of_record
TN:
SF:controllers/profileController.js
FN:5,(anonymous_0)
FN:22,(anonymous_1)
FN:42,(anonymous_2)
FN:52,(anonymous_3)
FNF:4
FNH:0
FNDA:0,(anonymous_0)
FNDA:0,(anonymous_1)
FNDA:0,(anonymous_2)
FNDA:0,(anonymous_3)
DA:1,3
DA:2,3
DA:5,3
DA:6,0
DA:7,0
DA:8,0
DA:10,0
DA:11,0
DA:14,0
DA:17,0
DA:18,0
DA:22,3
DA:23,0
DA:24,0
DA:26,0
DA:27,0
DA:29,0
DA:30,0
DA:31,0
DA:34,0
DA:36,0
DA:37,0
DA:42,3
DA:43,0
DA:44,0
DA:47,0
DA:48,0
DA:52,3
DA:53,0
DA:55,0
DA:56,0
DA:58,0
DA:59,0
DA:61,0
DA:64,0
DA:65,0
LF:36
LH:6
BRDA:10,0,0,0
BRDA:10,0,1,0
BRDA:29,1,0,0
BRDA:29,1,1,0
BRDA:58,2,0,0
BRDA:58,2,1,0
BRF:6
BRH:0
end_of_record
TN:
SF:controllers/roleController.js
FN:6,(anonymous_0)
FN:18,(anonymous_1)
FNF:2
FNH:0
FNDA:0,(anonymous_0)
FNDA:0,(anonymous_1)
DA:1,3
DA:2,3
DA:3,3
DA:6,3
DA:7,0
DA:8,0
DA:9,0
DA:12,0
DA:13,0
DA:18,3
DA:19,0
DA:20,0
DA:22,0
DA:23,0
DA:24,0
DA:27,0
DA:29,0
DA:30,0
DA:32,0
DA:34,0
DA:35,0
LF:21
LH:5
BRDA:23,0,0,0
BRDA:23,0,1,0
BRDA:29,1,0,0
BRDA:29,1,1,0
BRF:4
BRH:0
end_of_record
TN:
SF:controllers/userController.js
FN:7,(anonymous_0)
FN:17,(anonymous_1)
FN:36,(anonymous_2)
FN:49,(anonymous_3)
FN:68,(anonymous_4)
FN:85,(anonymous_5)
FN:111,(anonymous_6)
FN:128,(anonymous_7)
FNF:8
FNH:7
FNDA:5,(anonymous_0)
FNDA:2,(anonymous_1)
FNDA:3,(anonymous_2)
FNDA:0,(anonymous_3)
FNDA:1,(anonymous_4)
FNDA:4,(anonymous_5)
FNDA:2,(anonymous_6)
FNDA:4,(anonymous_7)
DA:1,3
DA:2,3
DA:3,3
DA:4,3
DA:5,3
DA:7,3
DA:8,5
DA:9,5
DA:10,5
DA:12,0
DA:13,0
DA:17,3
DA:18,2
DA:20,2
DA:21,2
DA:23,2
DA:24,1
DA:27,1
DA:30,0
DA:31,0
DA:36,3
DA:37,3
DA:38,3
DA:39,3
DA:40,2
DA:42,1
DA:43,1
DA:45,0
DA:49,3
DA:50,0
DA:51,0
DA:53,0
DA:54,0
DA:56,0
DA:57,0
DA:58,0
DA:61,0
DA:63,0
DA:64,0
DA:68,3
DA:69,1
DA:71,1
DA:72,1
DA:74,1
DA:75,0
DA:77,1
DA:80,0
DA:81,0
DA:85,3
DA:86,4
DA:87,4
DA:89,4
DA:90,4
DA:91,1
DA:94,3
DA:95,3
DA:96,1
DA:99,2
DA:101,1
DA:104,1
DA:105,1
DA:107,0
DA:111,3
DA:112,2
DA:113,2
DA:114,2
DA:116,2
DA:117,1
DA:120,1
DA:122,0
DA:123,0
DA:128,3
DA:130,4
DA:132,4
DA:134,4
DA:135,4
DA:136,1
DA:140,3
DA:141,3
DA:142,1
DA:145,2
DA:146,2
DA:147,1
DA:149,1
DA:152,0
DA:153,0
LF:86
LH:63
BRDA:23,0,0,1
BRDA:23,0,1,1
BRDA:42,1,0,1
BRDA:42,1,1,0
BRDA:56,2,0,0
BRDA:56,2,1,0
BRDA:74,3,0,0
BRDA:74,3,1,1
BRDA:90,4,0,1
BRDA:90,4,1,3
BRDA:95,5,0,1
BRDA:95,5,1,2
BRDA:104,6,0,1
BRDA:104,6,1,0
BRDA:116,7,0,1
BRDA:116,7,1,1
BRDA:135,8,0,1
BRDA:135,8,1,3
BRDA:141,9,0,1
BRDA:141,9,1,2
BRDA:146,10,0,1
BRDA:146,10,1,1
BRF:22
BRH:17
end_of_record
TN:
SF:middlewares/authMiddleware.js
FN:5,(anonymous_0)
FNF:1
FNH:1
FNDA:2,(anonymous_0)
DA:3,3
DA:5,3
DA:7,2
DA:8,2
DA:9,2
DA:10,2
DA:11,2
DA:12,2
DA:13,2
DA:15,0
DA:16,0
DA:20,0
LF:12
LH:9
BRDA:8,0,0,2
BRDA:8,0,1,0
BRF:2
BRH:1
end_of_record
TN:
SF:middlewares/errorHandler.js
FN:3,(anonymous_0)
FNF:1
FNH:1
FNDA:1,(anonymous_0)
DA:3,3
DA:5,1
DA:6,1
DA:7,1
LF:4
LH:4
BRDA:5,0,0,1
BRDA:5,0,1,0
BRDA:6,1,0,1
BRDA:6,1,1,0
BRF:4
BRH:2
end_of_record
TN:
SF:middlewares/rbacMiddleware.js
FN:4,(anonymous_0)
FN:5,(anonymous_1)
FN:14,(anonymous_2)
FNF:3
FNH:3
FNDA:36,(anonymous_0)
FNDA:14,(anonymous_1)
FNDA:14,(anonymous_2)
DA:1,3
DA:2,3
DA:4,3
DA:5,36
DA:10,14
DA:11,14
DA:14,14
DA:15,14
DA:20,14
DA:21,14
DA:23,0
LF:11
LH:10
BRDA:10,0,0,14
BRDA:10,0,1,12
BRDA:11,1,0,14
BRDA:11,1,1,12
BRDA:20,2,0,14
BRDA:20,2,1,0
BRF:6
BRH:5
end_of_record
TN:
SF:middlewares/permissions/permissions.js
FNF:0
FNH:0
DA:2,3
DA:10,3
LF:2
LH:2
BRF:0
BRH:0
end_of_record
TN:
SF:models/courseModel.js
FN:4,(anonymous_0)
FN:9,(anonymous_1)
FN:15,(anonymous_2)
FN:38,(anonymous_3)
FN:59,(anonymous_4)
FN:64,(anonymous_5)
FNF:6
FNH:0
FNDA:0,(anonymous_0)
FNDA:0,(anonymous_1)
FNDA:0,(anonymous_2)
FNDA:0,(anonymous_3)
FNDA:0,(anonymous_4)
FNDA:0,(anonymous_5)
DA:2,3
DA:4,3
DA:5,0
DA:6,0
DA:9,3
DA:10,0
DA:12,0
DA:15,3
DA:22,0
DA:24,0
DA:35,0
DA:38,3
DA:46,0
DA:48,0
DA:55,0
DA:59,3
DA:60,0
DA:61,0
DA:64,3
DA:65,0
DA:70,0
LF:21
LH:7
BRF:0
BRH:0
end_of_record
TN:
SF:models/roleModel.js
FN:3,(anonymous_0)
FN:8,(anonymous_1)
FN:23,(anonymous_2)
FN:36,(anonymous_3)
FN:41,(anonymous_4)
FN:46,(anonymous_5)
FNF:6
FNH:4
FNDA:6,(anonymous_0)
FNDA:2,(anonymous_1)
FNDA:2,(anonymous_2)
FNDA:0,(anonymous_3)
FNDA:2,(anonymous_4)
FNDA:0,(anonymous_5)
DA:1,3
DA:3,3
DA:4,6
DA:5,6
DA:8,3
DA:12,2
DA:14,2
DA:20,1
DA:23,3
DA:26,2
DA:32,2
DA:36,3
DA:37,0
DA:38,0
DA:41,3
DA:42,2
DA:43,2
DA:46,3
DA:47,0
DA:48,0
LF:20
LH:16
BRF:0
BRH:0
end_of_record
TN:
SF:models/userModel.js
FN:3,(anonymous_0)
FN:8,(anonymous_1)
FN:14,(anonymous_2)
FN:59,(anonymous_3)
FN:84,(anonymous_4)
FNF:5
FNH:4
FNDA:5,(anonymous_0)
FNDA:10,(anonymous_1)
FNDA:0,(anonymous_2)
FNDA:3,(anonymous_3)
FNDA:1,(anonymous_4)
DA:1,3
DA:3,3
DA:4,5
DA:5,5
DA:8,3
DA:9,10
DA:11,10
DA:14,3
DA:26,0
DA:28,0
DA:56,0
DA:59,3
DA:71,3
DA:73,3
DA:80,2
DA:84,3
DA:85,1
DA:86,1
LF:18
LH:15
BRF:0
BRH:0
end_of_record
TN:
SF:routes/courseRoutes.js
FNF:0
FNH:0
DA:1,3
DA:2,3
DA:3,3
DA:4,3
DA:9,3
DA:12,3
DA:15,3
DA:18,3
DA:21,3
DA:24,3
DA:25,3
LF:11
LH:11
BRF:0
BRH:0
end_of_record
TN:
SF:routes/profileRoutes.js
FNF:0
FNH:0
DA:2,3
DA:3,3
DA:4,3
DA:5,3
DA:6,3
DA:13,3
DA:16,3
DA:19,3
DA:22,3
DA:24,3
LF:10
LH:10
BRF:0
BRH:0
end_of_record
TN:
SF:routes/roleRoutes.js
FNF:0
FNH:0
DA:1,3
DA:2,3
DA:3,3
DA:4,3
DA:7,3
DA:10,3
DA:12,3
LF:7
LH:7
BRF:0
BRH:0
end_of_record
TN:
SF:routes/userRoutes.js
FNF:0
FNH:0
DA:1,3
DA:2,3
DA:3,3
DA:4,3
DA:5,3
DA:10,3
DA:13,3
DA:16,3
DA:19,3
DA:22,3
DA:25,3
DA:28,3
DA:31,3
DA:33,3
LF:14
LH:14
BRF:0
BRH:0
end_of_record
TN:
SF:services/courseService.js
FN:5,(anonymous_0)
FNF:1
FNH:0
FNDA:0,(anonymous_0)
DA:1,3
DA:5,3
DA:6,0
DA:7,0
LF:4
LH:2
BRF:0
BRH:0
end_of_record
TN:
SF:services/roleService.js
FN:3,(anonymous_0)
FNF:1
FNH:1
FNDA:6,(anonymous_0)
DA:1,3
DA:3,3
DA:4,6
DA:5,6
LF:4
LH:4
BRF:0
BRH:0
end_of_record
TN:
SF:services/tokenService.js
FN:3,(anonymous_0)
FNF:1
FNH:0
FNDA:0,(anonymous_0)
DA:1,2
DA:3,2
DA:6,0
LF:3
LH:2
BRF:0
BRH:0
end_of_record
TN:
SF:services/userService.js
FN:5,(anonymous_0)
FN:10,(anonymous_1)
FN:12,(anonymous_2)
FN:14,(anonymous_3)
FNF:4
FNH:1
FNDA:8,(anonymous_0)
FNDA:0,(anonymous_1)
FNDA:0,(anonymous_2)
FNDA:0,(anonymous_3)
DA:1,3
DA:2,3
DA:5,3
DA:6,8
DA:7,8
DA:10,3
DA:11,0
DA:12,0
DA:13,0
DA:14,0
DA:15,0
DA:17,0
DA:18,0
LF:13
LH:6
BRF:0
BRH:0
end_of_record
TN:
SF:tests/sql/testSQLUtils.js
FN:12,initializeDatabase
FNF:1
FNH:1
FNDA:17,initializeDatabase
DA:1,3
DA:2,3
DA:3,3
DA:8,3
DA:9,3
DA:13,17
DA:14,17
DA:17,0
DA:21,3
LF:9
LH:8
BRF:0
BRH:0
end_of_record
TN:
SF:utils/customError.js
FN:3,(anonymous_0)
FNF:1
FNH:1
FNDA:1,(anonymous_0)
DA:4,1
DA:5,1
DA:9,3
LF:3
LH:3
BRF:0
BRH:0
end_of_record
